- Nikto v2.5.0
---------------------------------------------------------------------------
+ Target IP:          10.2.17.7
+ Target Hostname:    10.2.17.7
+ Target Port:        80
+ Start Time:         2024-06-06 01:04:39 (GMT2)
---------------------------------------------------------------------------
+ Server: Apache/2.4.59 (Debian)
+ /: The anti-clickjacking X-Frame-Options header is not present. See: https://developer.mozilla.org/en-US/docs/Web/HTTP/Headers/X-Frame-Options
+ /: The X-Content-Type-Options header is not set. This could allow the user agent to render the content of the site in a different fashion to the MIME type. See: https://www.netsparker.com/web-vulnerability-scanner/vulnerabilities/missing-content-type-header/
+ /: Cookie csrfToken created without the httponly flag. See: https://developer.mozilla.org/en-US/docs/Web/HTTP/Cookies
+ No CGI Directories found (use '-C all' to force check all possible dirs)
+ /: Web Server returns a valid response with junk HTTP methods which may cause false positives.
+ 8101 requests: 0 error(s) and 4 item(s) reported on remote host
+ End Time:           2024-06-06 01:06:19 (GMT2) (100 seconds)
---------------------------------------------------------------------------
+ 1 host(s) tested


      *********************************************************************
      Portions of the server's headers (Apache/2.4.59) are not in
      the Nikto 2.5.0 database or are newer than the known string. Would you like
      to submit this information (*no server specific data*) to CIRT.net
      for a Nikto update (or you may email to sullo@cirt.net) (y/n)? 
